This is pdfTeX, Version 3.141592653-2.6-1.40.22 (TeX Live 2022/dev/Debian) (preloaded format=pdflatex 2024.7.18)  14 APR 2025 15:09
entering extended mode
 restricted \write18 enabled.
 %&-line parsing enabled.
**Manual.tex
(./Manual.tex
LaTeX2e <2021-11-15> patch level 1
L3 programming layer <2022-01-21>
(/usr/share/texlive/texmf-dist/tex/latex/base/article.cls
Document Class: article 2021/10/04 v1.4n Standard LaTeX document class
(/usr/share/texlive/texmf-dist/tex/latex/base/size10.clo
File: size10.clo 2021/10/04 v1.4n Standard LaTeX file (size option)
)
\c@part=\count185
\c@section=\count186
\c@subsection=\count187
\c@subsubsection=\count188
\c@paragraph=\count189
\c@subparagraph=\count190
\c@figure=\count191
\c@table=\count192
\abovecaptionskip=\skip47
\belowcaptionskip=\skip48
\bibindent=\dimen138
)
(/usr/share/texlive/texmf-dist/tex/latex/hyperref/hyperref.sty
Package: hyperref 2021-06-07 v7.00m Hypertext links for LaTeX

(/usr/share/texlive/texmf-dist/tex/generic/ltxcmds/ltxcmds.sty
Package: ltxcmds 2020-05-10 v1.25 LaTeX kernel commands for general use (HO)
)
(/usr/share/texlive/texmf-dist/tex/generic/iftex/iftex.sty
Package: iftex 2020/03/06 v1.0d TeX engine tests
)
(/usr/share/texlive/texmf-dist/tex/generic/pdftexcmds/pdftexcmds.sty
Package: pdftexcmds 2020-06-27 v0.33 Utility functions of pdfTeX for LuaTeX (HO
)

(/usr/share/texlive/texmf-dist/tex/generic/infwarerr/infwarerr.sty
Package: infwarerr 2019/12/03 v1.5 Providing info/warning/error messages (HO)
)
Package pdftexcmds Info: \pdf@primitive is available.
Package pdftexcmds Info: \pdf@ifprimitive is available.
Package pdftexcmds Info: \pdfdraftmode found.
)
(/usr/share/texlive/texmf-dist/tex/latex/graphics/keyval.sty
Package: keyval 2014/10/28 v1.15 key=value parser (DPC)
\KV@toks@=\toks16
)
(/usr/share/texlive/texmf-dist/tex/generic/kvsetkeys/kvsetkeys.sty
Package: kvsetkeys 2019/12/15 v1.18 Key value parser (HO)
)
(/usr/share/texlive/texmf-dist/tex/generic/kvdefinekeys/kvdefinekeys.sty
Package: kvdefinekeys 2019-12-19 v1.6 Define keys (HO)
)
(/usr/share/texlive/texmf-dist/tex/generic/pdfescape/pdfescape.sty
Package: pdfescape 2019/12/09 v1.15 Implements pdfTeX's escape features (HO)
)
(/usr/share/texlive/texmf-dist/tex/latex/hycolor/hycolor.sty
Package: hycolor 2020-01-27 v1.10 Color options for hyperref/bookmark (HO)
)
(/usr/share/texlive/texmf-dist/tex/latex/letltxmacro/letltxmacro.sty
Package: letltxmacro 2019/12/03 v1.6 Let assignment for LaTeX macros (HO)
)
(/usr/share/texlive/texmf-dist/tex/latex/auxhook/auxhook.sty
Package: auxhook 2019-12-17 v1.6 Hooks for auxiliary files (HO)
)
(/usr/share/texlive/texmf-dist/tex/latex/kvoptions/kvoptions.sty
Package: kvoptions 2020-10-07 v3.14 Key value format for package options (HO)
)
\@linkdim=\dimen139
\Hy@linkcounter=\count193
\Hy@pagecounter=\count194

(/usr/share/texlive/texmf-dist/tex/latex/hyperref/pd1enc.def
File: pd1enc.def 2021-06-07 v7.00m Hyperref: PDFDocEncoding definition (HO)
Now handling font encoding PD1 ...
... no UTF-8 mapping file for font encoding PD1
)
(/usr/share/texlive/texmf-dist/tex/latex/hyperref/hyperref-langpatches.def
File: hyperref-langpatches.def 2021-06-07 v7.00m Hyperref: patches for babel la
nguages
)
(/usr/share/texlive/texmf-dist/tex/generic/intcalc/intcalc.sty
Package: intcalc 2019/12/15 v1.3 Expandable calculations with integers (HO)
)
(/usr/share/texlive/texmf-dist/tex/generic/etexcmds/etexcmds.sty
Package: etexcmds 2019/12/15 v1.7 Avoid name clashes with e-TeX commands (HO)
)
\Hy@SavedSpaceFactor=\count195

(/usr/share/texlive/texmf-dist/tex/latex/hyperref/puenc.def
File: puenc.def 2021-06-07 v7.00m Hyperref: PDF Unicode definition (HO)
Now handling font encoding PU ...
... no UTF-8 mapping file for font encoding PU
)
Package hyperref Info: Option `colorlinks' set `true' on input line 4073.
Package hyperref Info: Hyper figures OFF on input line 4192.
Package hyperref Info: Link nesting OFF on input line 4197.
Package hyperref Info: Hyper index ON on input line 4200.
Package hyperref Info: Plain pages OFF on input line 4207.
Package hyperref Info: Backreferencing OFF on input line 4212.
Package hyperref Info: Implicit mode ON; LaTeX internals redefined.
Package hyperref Info: Bookmarks ON on input line 4445.
\c@Hy@tempcnt=\count196

(/usr/share/texlive/texmf-dist/tex/latex/url/url.sty
\Urlmuskip=\muskip16
Package: url 2013/09/16  ver 3.4  Verb mode for urls, etc.
)
LaTeX Info: Redefining \url on input line 4804.
\XeTeXLinkMargin=\dimen140

(/usr/share/texlive/texmf-dist/tex/generic/bitset/bitset.sty
Package: bitset 2019/12/09 v1.3 Handle bit-vector datatype (HO)

(/usr/share/texlive/texmf-dist/tex/generic/bigintcalc/bigintcalc.sty
Package: bigintcalc 2019/12/15 v1.5 Expandable calculations on big integers (HO
)
))
\Fld@menulength=\count197
\Field@Width=\dimen141
\Fld@charsize=\dimen142
Package hyperref Info: Hyper figures OFF on input line 6076.
Package hyperref Info: Link nesting OFF on input line 6081.
Package hyperref Info: Hyper index ON on input line 6084.
Package hyperref Info: backreferencing OFF on input line 6091.
Package hyperref Info: Link coloring ON on input line 6094.
Package hyperref Info: Link coloring with OCG OFF on input line 6101.
Package hyperref Info: PDF/A mode OFF on input line 6106.
LaTeX Info: Redefining \ref on input line 6146.
LaTeX Info: Redefining \pageref on input line 6150.

(/usr/share/texlive/texmf-dist/tex/latex/base/atbegshi-ltx.sty
Package: atbegshi-ltx 2021/01/10 v1.0c Emulation of the original atbegshi
package with kernel methods
)
\Hy@abspage=\count198
\c@Item=\count199
\c@Hfootnote=\count266
)
Package hyperref Info: Driver: hpdftex.

(/usr/share/texlive/texmf-dist/tex/latex/hyperref/hpdftex.def
File: hpdftex.def 2021-06-07 v7.00m Hyperref driver for pdfTeX

(/usr/share/texlive/texmf-dist/tex/latex/base/atveryend-ltx.sty
Package: atveryend-ltx 2020/08/19 v1.0a Emulation of the original atveryend pac
kage
with kernel methods
)
\Fld@listcount=\count267
\c@bookmark@seq@number=\count268

(/usr/share/texlive/texmf-dist/tex/latex/rerunfilecheck/rerunfilecheck.sty
Package: rerunfilecheck 2019/12/05 v1.9 Rerun checks for auxiliary files (HO)

(/usr/share/texlive/texmf-dist/tex/generic/uniquecounter/uniquecounter.sty
Package: uniquecounter 2019/12/15 v1.4 Provide unlimited unique counter (HO)
)
Package uniquecounter Info: New unique counter `rerunfilecheck' on input line 2
86.
)
\Hy@SectionHShift=\skip49
)
(/usr/share/texlive/texmf-dist/tex/latex/graphics/graphicx.sty
Package: graphicx 2021/09/16 v1.2d Enhanced LaTeX Graphics (DPC,SPQR)

(/usr/share/texlive/texmf-dist/tex/latex/graphics/graphics.sty
Package: graphics 2021/03/04 v1.4d Standard LaTeX Graphics (DPC,SPQR)

(/usr/share/texlive/texmf-dist/tex/latex/graphics/trig.sty
Package: trig 2021/08/11 v1.11 sin cos tan (DPC)
)
(/usr/share/texlive/texmf-dist/tex/latex/graphics-cfg/graphics.cfg
File: graphics.cfg 2016/06/04 v1.11 sample graphics configuration
)
Package graphics Info: Driver file: pdftex.def on input line 107.

(/usr/share/texlive/texmf-dist/tex/latex/graphics-def/pdftex.def
File: pdftex.def 2020/10/05 v1.2a Graphics/color driver for pdftex
))
\Gin@req@height=\dimen143
\Gin@req@width=\dimen144
)
(/usr/share/texlive/texmf-dist/tex/latex/l3backend/l3backend-pdftex.def
File: l3backend-pdftex.def 2022-01-12 L3 backend support: PDF output (pdfTeX)
\l__color_backend_stack_int=\count269
\l__pdf_internal_box=\box50
)
(./Manual.aux)
\openout1 = `Manual.aux'.

LaTeX Font Info:    Checking defaults for OML/cmm/m/it on input line 7.
LaTeX Font Info:    ... okay on input line 7.
LaTeX Font Info:    Checking defaults for OMS/cmsy/m/n on input line 7.
LaTeX Font Info:    ... okay on input line 7.
LaTeX Font Info:    Checking defaults for OT1/cmr/m/n on input line 7.
LaTeX Font Info:    ... okay on input line 7.
LaTeX Font Info:    Checking defaults for T1/cmr/m/n on input line 7.
LaTeX Font Info:    ... okay on input line 7.
LaTeX Font Info:    Checking defaults for TS1/cmr/m/n on input line 7.
LaTeX Font Info:    ... okay on input line 7.
LaTeX Font Info:    Checking defaults for OMX/cmex/m/n on input line 7.
LaTeX Font Info:    ... okay on input line 7.
LaTeX Font Info:    Checking defaults for U/cmr/m/n on input line 7.
LaTeX Font Info:    ... okay on input line 7.
LaTeX Font Info:    Checking defaults for PD1/pdf/m/n on input line 7.
LaTeX Font Info:    ... okay on input line 7.
LaTeX Font Info:    Checking defaults for PU/pdf/m/n on input line 7.
LaTeX Font Info:    ... okay on input line 7.
 (/usr/share/texlive/texmf-dist/tex/latex/graphics/color.sty
Package: color 2021/12/07 v1.3c Standard LaTeX Color (DPC)

(/usr/share/texlive/texmf-dist/tex/latex/graphics-cfg/color.cfg
File: color.cfg 2016/01/02 v1.6 sample color configuration
)
Package color Info: Driver file: pdftex.def on input line 149.
)
Package hyperref Info: Link coloring ON on input line 7.

(/usr/share/texlive/texmf-dist/tex/latex/hyperref/nameref.sty
Package: nameref 2021-04-02 v2.47 Cross-referencing by name of section

(/usr/share/texlive/texmf-dist/tex/latex/refcount/refcount.sty
Package: refcount 2019/12/15 v3.6 Data extraction from label references (HO)
)
(/usr/share/texlive/texmf-dist/tex/generic/gettitlestring/gettitlestring.sty
Package: gettitlestring 2019/12/15 v1.6 Cleanup title references (HO)
)
\c@section@level=\count270
)
LaTeX Info: Redefining \ref on input line 7.
LaTeX Info: Redefining \pageref on input line 7.
LaTeX Info: Redefining \nameref on input line 7.

(./Manual.out) (./Manual.out)
\@outlinefile=\write3
\openout3 = `Manual.out'.


(/usr/share/texlive/texmf-dist/tex/context/base/mkii/supp-pdf.mkii
[Loading MPS to PDF converter (version 2006.09.02).]
\scratchcounter=\count271
\scratchdimen=\dimen145
\scratchbox=\box51
\nofMPsegments=\count272
\nofMParguments=\count273
\everyMPshowfont=\toks17
\MPscratchCnt=\count274
\MPscratchDim=\dimen146
\MPnumerator=\count275
\makeMPintoPDFobject=\count276
\everyMPtoPDFconversion=\toks18
) (/usr/share/texlive/texmf-dist/tex/latex/epstopdf-pkg/epstopdf-base.sty
Package: epstopdf-base 2020-01-24 v2.11 Base part for package epstopdf
Package epstopdf-base Info: Redefining graphics rule for `.eps' on input line 4
85.

(/usr/share/texlive/texmf-dist/tex/latex/latexconfig/epstopdf-sys.cfg
File: epstopdf-sys.cfg 2010/07/13 v1.3 Configuration of (r)epstopdf for TeX Liv
e
))
LaTeX Font Info:    External font `cmex10' loaded for size
(Font)              <12> on input line 15.
LaTeX Font Info:    External font `cmex10' loaded for size
(Font)              <8> on input line 15.
LaTeX Font Info:    External font `cmex10' loaded for size
(Font)              <6> on input line 15.

(./Manual.toc
LaTeX Font Info:    External font `cmex10' loaded for size
(Font)              <7> on input line 3.
LaTeX Font Info:    External font `cmex10' loaded for size
(Font)              <5> on input line 3.
 [1

{/var/lib/texmf/fonts/map/pdftex/updmap/pdftex.map}])
\tf@toc=\write4
\openout4 = `Manual.toc'.

 [2]
Overfull \hbox (11.99689pt too wide) in paragraph at lines 59--59
[]\OT1/cmtt/m/n/10 (Final graph has 16 nodes and n50 of 24184, max 44966, total
 100080,[] 
 []


Overfull \hbox (22.4968pt too wide) in paragraph at lines 59--59
[]\OT1/cmtt/m/n/10 > ./velvetg sillyDirectory -cov_cutoff 5 -read_trkg yes -amo
s_file yes[] 
 []


Overfull \hbox (1.49698pt too wide) in paragraph at lines 59--59
[]\OT1/cmtt/m/n/10 (Final graph has 1 nodes and n50 of 99975, max 99975, total 
99975,[] 
 []


Overfull \hbox (1.49698pt too wide) in paragraph at lines 59--59
[]\OT1/cmtt/m/n/10 (Final graph has 1 nodes and n50 of 99975, max 99975, total 
99975,[] 
 []


Overfull \hbox (11.99689pt too wide) in paragraph at lines 59--59
[]\OT1/cmtt/m/n/10 (Final graph has 12 nodes and n50 of 99975, max 99975, total
 100165,[] 
 []


Overfull \hbox (1.49698pt too wide) in paragraph at lines 59--59
[]\OT1/cmtt/m/n/10 (Final graph has 1 nodes and n50 of 99975, max 99975, total 
99975,[] 
 []


Overfull \hbox (69.74638pt too wide) in paragraph at lines 59--59
[]\OT1/cmtt/m/n/10 > ./velveth sillyDirectory 21 -short data/test_reads.fa -lon
g data/test_long.fa[] 
 []


Overfull \hbox (11.99689pt too wide) in paragraph at lines 59--59
[]\OT1/cmtt/m/n/10 (Final graph has 10 nodes and n50 of 80927, max 80927, total
 100122,[] 
 []


Overfull \hbox (1.49698pt too wide) in paragraph at lines 59--59
[]\OT1/cmtt/m/n/10 (Final graph has 1 nodes and n50 of 99975, max 99975, total 
99975,[] 
 []

[3] [4]
Overfull \hbox (9.77472pt too wide) in paragraph at lines 159--161
\OT1/cmr/m/n/10 ma-chine. You might have to set the en-vi-ron-ment vari-ables O
MP[]NUM[]THREADS
 []


Overfull \hbox (11.18709pt too wide) in paragraph at lines 159--161
\OT1/cmr/m/n/10 and OMP[]THREAD[]LIMIT. Vel-vet will the use up to $\OML/cmm/m/
it/10 OMP[]NUM[]THREADS \OT1/cmr/m/n/10 +
 []


Overfull \hbox (16.93419pt too wide) in paragraph at lines 159--161
[][]\OT1/cmr/m/n/10 http://www.ats.ucla.edu/clusters/common/computing/parallel/
using[]openmp.htm[][] 
 []

[5] [6]
Overfull \hbox (101.24611pt too wide) in paragraph at lines 223--223
[]\OT1/cmtt/m/n/10 > ./velveth output_directory/ 21 -fasta -short solexa1.fa so
lexa2.fa solexa3.fa -long[] 
 []


Overfull \hbox (17.24684pt too wide) in paragraph at lines 241--241
[]\OT1/cmtt/m/n/10 > velveth directory 21 -fastq other_reads.fastq -fasta selec
ted_reads[] 
 []


Overfull \hbox (11.99689pt too wide) in paragraph at lines 248--248
[]\OT1/cmtt/m/n/10 > myprogram | velveth directory 21 -fastq other_reads.fastq 
-fasta -[] 
 []


Overfull \hbox (11.99689pt too wide) in paragraph at lines 256--256
[]\OT1/cmtt/m/n/10 > ./velveth output_directory/ 21 (...data files...) -strand_
specific[] 
 []

[7] [8]
Overfull \hbox (43.49661pt too wide) in paragraph at lines 341--341
[]\OT1/cmtt/m/n/10 > ./velvetg output_directory/ -max_coverage 300 (... other p
arameters ...)[] 
 []


Overfull \hbox (11.99689pt too wide) in paragraph at lines 362--362
[]\OT1/cmtt/m/n/10 > ./velvetg output_directory/ -exp_cov 19 (... other paramet
ers ...)[] 
 []

[9]
Overfull \hbox (22.4968pt too wide) in paragraph at lines 368--368
[]\OT1/cmtt/m/n/10 > ./velvetg output_directory/ -exp_cov auto (... other param
eters ...)[] 
 []


Overfull \hbox (22.4968pt too wide) in paragraph at lines 406--406
[]\OT1/cmtt/m/n/10 > ./velvetg output_directory/ -exp_cov auto (... other param
eters ...)[] 
 []

[10] [11]
Overfull \hbox (32.9967pt too wide) in paragraph at lines 451--451
[]\OT1/cmtt/m/n/10 > ./velvetg output_directory/ -read_trkg yes  (... other par
ameters ...)[] 
 []


Overfull \hbox (32.9967pt too wide) in paragraph at lines 459--459
[]\OT1/cmtt/m/n/10 > ./velvetg output_directory/ -amos_file yes  (... other par
ameters ...)[] 
 []


Overfull \hbox (48.74657pt too wide) in paragraph at lines 489--489
[]\OT1/cmtt/m/n/10 > ./velvetg output_directory/  -unused_reads yes (... other 
parameters ...)[] 
 []


Overfull \hbox (5.18578pt too wide) in paragraph at lines 497--498
[]$[]$\OT1/cmr/m/n/10 . If set
 []

[12]
Overfull \hbox (59.24648pt too wide) in paragraph at lines 514--514
[]\OT1/cmtt/m/n/10 > ./velvetg output_directory/ -max_branch_length 200 (...oth
er parameters...)[] 
 []


Overfull \hbox (48.74657pt too wide) in paragraph at lines 522--522
[]\OT1/cmtt/m/n/10 > ./velvetg output_directory/ -max_divergence 0.33 (...other
 parameters...)[] 
 []


Overfull \hbox (27.74675pt too wide) in paragraph at lines 530--530
[]\OT1/cmtt/m/n/10 > ./velvetg output_directory/ -max_gap_count 5 (...other par
ameters...)[] 
 []

[13]
Overfull \hbox (38.24666pt too wide) in paragraph at lines 546--546
[]\OT1/cmtt/m/n/10 > ./velvetg output_directory/ -min_pair_count 20 (...other p
arameters...)[] 
 []


Overfull \hbox (38.24666pt too wide) in paragraph at lines 575--575
[]\OT1/cmtt/m/n/10 > ./shuffleSequences_fasta.pl forward_reads.fa reverse_reads
.fa output.fa[] 
 []

[14]
Overfull \hbox (8.06886pt too wide) in paragraph at lines 605--606
[]\OT1/cmr/m/n/10 The cov-er-ages in columns \OT1/cmr/m/it/10 short1[]cov\OT1/c
mr/m/n/10 , \OT1/cmr/m/it/10 short1[]Ocov\OT1/cmr/m/n/10 , \OT1/cmr/m/it/10 sho
rt2[]cov\OT1/cmr/m/n/10 , and \OT1/cmr/m/it/10 short2[]Ocov
 []

[15]
Overfull \hbox (141.996pt too wide) in paragraph at lines 638--638
 []\OT1/cmtt/m/n/10 NODE    $NODE_ID    $NODE_LENGTH $COV_SHORT1   $O_COV_SHORT
1  $COV_SHORT2  $O_COV_SHORT2[] 
 []


Overfull \hbox (36.99692pt too wide) in paragraph at lines 656--656
 []\OT1/cmtt/m/n/10 $NODE_ID $OFFSET_FROM_START $START_COORD $END_COORD $OFFSET
_FROM_END[] 
 []

[16] [17]
<./Suis_plot_1.pdf, id=348, 614.295pt x 505.89pt>
File: ./Suis_plot_1.pdf Graphic file (type pdf)
<use ./Suis_plot_1.pdf>
Package pdftex.def Info: ./Suis_plot_1.pdf  used on input line 706.
(pdftex.def)             Requested size: 301.125pt x 247.9886pt.
<./suis_plot.pdf, id=349, 614.295pt x 505.89pt>
File: ./suis_plot.pdf Graphic file (type pdf)
<use ./suis_plot.pdf>
Package pdftex.def Info: ./suis_plot.pdf  used on input line 715.
(pdftex.def)             Requested size: 301.125pt x 247.9886pt.
 [18 <./Suis_plot_1.pdf>] [19 <./suis_plot.pdf>]
Overfull \hbox (16.9262pt too wide) in paragraph at lines 768--769
[]\OT1/cmr/m/n/10 by Torsten See-man (torsten.seemann@infotech.monash.edu.au) 
 []

[20]
Overfull \hbox (47.5168pt too wide) in paragraph at lines 786--787
[]\OT1/cmr/m/n/10 by Eric Cabot (ecabot@wisc.edu) Pe-ter (pe-ter@maubp.freeserv
e.co.uk)
 []

[21] [22] (./Manual.aux)
Package rerunfilecheck Info: File `Manual.out' has not changed.
(rerunfilecheck)             Checksum: E935A1939BA8BC1282C07BD159A04401;7627.
 ) 
Here is how much of TeX's memory you used:
 8353 strings out of 478287
 131588 string characters out of 5849289
 429914 words of memory out of 5000000
 26372 multiletter control sequences out of 15000+600000
 474363 words of font info for 45 fonts, out of 8000000 for 9000
 1141 hyphenation exceptions out of 8191
 60i,6n,63p,647b,541s stack positions out of 5000i,500n,10000p,200000b,80000s
 </home/accts/ewl33/.texlive2021/texmf-var/fonts/pk/ljfour/jknappen/ec/tcrm10
00.600pk></usr/share/texlive/texmf-dist/fonts/type1/public/amsfonts/cm/cmbx10.p
fb></usr/share/texlive/texmf-dist/fonts/type1/public/amsfonts/cm/cmbx12.pfb></u
sr/share/texlive/texmf-dist/fonts/type1/public/amsfonts/cm/cmmi10.pfb></usr/sha
re/texlive/texmf-dist/fonts/type1/public/amsfonts/cm/cmmi7.pfb></usr/share/texl
ive/texmf-dist/fonts/type1/public/amsfonts/cm/cmr10.pfb></usr/share/texlive/tex
mf-dist/fonts/type1/public/amsfonts/cm/cmr12.pfb></usr/share/texlive/texmf-dist
/fonts/type1/public/amsfonts/cm/cmr17.pfb></usr/share/texlive/texmf-dist/fonts/
type1/public/amsfonts/cm/cmsy10.pfb></usr/share/texlive/texmf-dist/fonts/type1/
public/amsfonts/cm/cmti10.pfb></usr/share/texlive/texmf-dist/fonts/type1/public
/amsfonts/cm/cmtt10.pfb>
Output written on Manual.pdf (22 pages, 439750 bytes).
PDF statistics:
 673 PDF objects out of 1000 (max. 8388607)
 578 compressed objects within 6 object streams
 94 named destinations out of 1000 (max. 500000)
 371 words of extra memory for PDF output out of 10000 (max. 10000000)

